<?xml version="1.0" encoding="UTF-8"?>
<!-- Generated by org.testng.reporters.JUnitReportReporter -->
<testsuite skipped="0" hostname="LAPTOP-V2KAIUF1" name="com.crm.vtiger.testcases.CreateProductTest" tests="1" failures="0" timestamp="2022-03-23T10:13:52 IST" time="0.002" errors="0">
  <testcase name="CreateProduct" time="0.002" classname="com.crm.vtiger.testcases.CreateProductTest"/>
  <system-out/>
</testsuite> <!-- com.crm.vtiger.testcases.CreateProductTest -->
