<?xml version="1.0" encoding="UTF-8"?>
<!-- Generated by org.testng.reporters.JUnitReportReporter -->
<testsuite skipped="0" hostname="LAPTOP-V2KAIUF1" name="com.crm.vtiger.testcases.CreateContactTest" tests="2" failures="0" timestamp="2022-03-23T10:13:31 IST" time="0.009" errors="0">
  <testcase name="updateContact" time="0.001" classname="com.crm.vtiger.testcases.CreateContactTest"/>
  <system-out/>
  <testcase name="createContact" time="0.008" classname="com.crm.vtiger.testcases.CreateContactTest"/>
  <system-out/>
</testsuite> <!-- com.crm.vtiger.testcases.CreateContactTest -->
