<?xml version="1.0" encoding="UTF-8"?>
<!-- Generated by org.testng.reporters.JUnitReportReporter -->
<testsuite skipped="0" hostname="LAPTOP-V2KAIUF1" name="com.crm.vtiger.testcases.ParameteresTest" tests="1" failures="0" timestamp="2022-03-23T12:47:26 IST" time="0.010" errors="0">
  <testcase name="GetData" time="0.010" classname="com.crm.vtiger.testcases.ParameteresTest"/>
  <system-out/>
</testsuite> <!-- com.crm.vtiger.testcases.ParameteresTest -->
