<?xml version="1.0" encoding="UTF-8"?>
<!-- Generated by org.testng.reporters.JUnitReportReporter -->
<testsuite skipped="0" hostname="LAPTOP-V2KAIUF1" name="com.crm.vtiger.testcases.CreateOrgTest" tests="1" failures="0" timestamp="2022-03-23T10:13:52 IST" time="0.008" errors="0">
  <testcase name="CreateOrg" time="0.008" classname="com.crm.vtiger.testcases.CreateOrgTest"/>
  <system-out/>
</testsuite> <!-- com.crm.vtiger.testcases.CreateOrgTest -->
